<?xml version="1.0" encoding="UTF-8"?>
<robot generator="Robot 6.1.1 (Python 3.10.0 on win32)" generated="20231114 16:47:39.379" rpa="false" schemaversion="4">
<suite id="s1" name="Preenchimento Incorreto" source="c:\Users\moyse\OneDrive\Imagens\Documentos\GitHub\robot-framework\curso-robot\testes\preenchimento_incorreto.robot">
<test id="s1-t1" name="Verificar se quando um campo obrigatório não for prenchido corretamente o sistema exibe uma mensagem de campo obrigatório" line="9">
<kw name="Dado que eu acesse o Organo" library="setup_teardown" type="SETUP">
<kw name="Open Browser" library="SeleniumLibrary">
<arg>url=http://localhost:3000/</arg>
<arg>browser=Chrome</arg>
<doc>Opens a new browser instance to the optional ``url``.</doc>
<msg timestamp="20231114 16:47:40.449" level="INFO">Opening browser 'Chrome' to base url 'http://localhost:3000/'.</msg>
<status status="PASS" starttime="20231114 16:47:40.447" endtime="20231114 16:47:44.388"/>
</kw>
<status status="PASS" starttime="20231114 16:47:40.445" endtime="20231114 16:47:44.388"/>
</kw>
<kw name="Dado que eu clique no botão criar card" library="cadastro">
<kw name="Click Element" library="SeleniumLibrary">
<arg>${BOTAO_CARD}</arg>
<doc>Click the element identified by ``locator``.</doc>
<msg timestamp="20231114 16:47:44.394" level="INFO">Clicking element 'id:form-botao'.</msg>
<status status="PASS" starttime="20231114 16:47:44.392" endtime="20231114 16:47:44.540"/>
</kw>
<status status="PASS" starttime="20231114 16:47:44.391" endtime="20231114 16:47:44.541"/>
</kw>
<kw name="Então sistema deve apresentar mensagem de campo obrigatório" library="cadastro">
<kw name="Element Should Be Visible" library="SeleniumLibrary">
<arg>id:form-nome-erro</arg>
<doc>Verifies that the element identified by ``locator`` is visible.</doc>
<msg timestamp="20231114 16:47:44.590" level="INFO">Element 'id:form-nome-erro' is displayed.</msg>
<status status="PASS" starttime="20231114 16:47:44.542" endtime="20231114 16:47:44.591"/>
</kw>
<kw name="Element Should Be Visible" library="SeleniumLibrary">
<arg>id:form-cargo-erro</arg>
<doc>Verifies that the element identified by ``locator`` is visible.</doc>
<msg timestamp="20231114 16:47:44.638" level="INFO">Element 'id:form-cargo-erro' is displayed.</msg>
<status status="PASS" starttime="20231114 16:47:44.591" endtime="20231114 16:47:44.639"/>
</kw>
<kw name="Element Should Be Visible" library="SeleniumLibrary">
<arg>id:form-times-erro</arg>
<doc>Verifies that the element identified by ``locator`` is visible.</doc>
<msg timestamp="20231114 16:47:44.692" level="INFO">Element 'id:form-times-erro' is displayed.</msg>
<status status="PASS" starttime="20231114 16:47:44.639" endtime="20231114 16:47:44.692"/>
</kw>
<status status="PASS" starttime="20231114 16:47:44.541" endtime="20231114 16:47:44.692"/>
</kw>
<kw name="Fechar o navegador" library="setup_teardown" type="TEARDOWN">
<kw name="Close Browser" library="SeleniumLibrary">
<doc>Closes the current browser.</doc>
<status status="PASS" starttime="20231114 16:47:44.695" endtime="20231114 16:47:47.387"/>
</kw>
<status status="PASS" starttime="20231114 16:47:44.693" endtime="20231114 16:47:47.389"/>
</kw>
<status status="PASS" starttime="20231114 16:47:40.444" endtime="20231114 16:47:47.392"/>
</test>
<status status="PASS" starttime="20231114 16:47:39.394" endtime="20231114 16:47:47.399"/>
</suite>
<statistics>
<total>
<stat pass="1" fail="0" skip="0">All Tests</stat>
</total>
<tag>
</tag>
<suite>
<stat pass="1" fail="0" skip="0" id="s1" name="Preenchimento Incorreto">Preenchimento Incorreto</stat>
</suite>
</statistics>
<errors>
</errors>
</robot>
